<?xml version="1.0" encoding="UTF-8"?>
<TestRun id="80b61c1a-0a02-4896-9180-12b0a3d92c4a" name="WORKGROUP@WORKGROUP-ПК 2013-03-14 21:10:47" runUser="WORKGROUP-ПК\WORKGROUP" xmlns="http://microsoft.com/schemas/VisualStudio/TeamTest/2010">
  <TestSettings name="Локальные" id="665aae16-0060-4d5a-abae-617da4ed758f">
    <Description>Это - параметры по умолчанию для локального тестового запуска.</Description>
    <Deployment enabled="false" runDeploymentRoot="WORKGROUP_WORKGROUP-ПК 2013-03-14 21_10_47">
      <DeploymentItem filename="C:\Учеба\2 семестр\ТХЯ\UnitTests\UnitTests\bin\Debug\UnitTests.exe" />
    </Deployment>
    <Execution>
      <TestTypeSpecific />
      <AgentRule name="Execution Agents">
      </AgentRule>
    </Execution>
  </TestSettings>
  <Times creation="2013-03-14T21:10:47.6061647+07:00" queuing="2013-03-14T21:10:56.3386642+07:00" start="2013-03-14T21:10:57.0097025+07:00" finish="2013-03-14T21:11:12.6825990+07:00" />
  <ResultSummary outcome="Completed">
    <Counters total="10" executed="10" passed="10" error="0" failed="0" timeout="0" aborted="0" inconclusive="0" passedButRunAborted="0" notRunnable="0" notExecuted="0" disconnected="0" warning="0" completed="0" inProgress="0" pending="0" />
  </ResultSummary>
  <TestDefinitions>
    <UnitTest name="GetExceptionTest" storage="c:\учеба\2 семестр\тхя\unittests\testproject4\bin\debug\testproject4.dll" id="99854b85-200a-1acb-5fc3-8378e710cbd1">
      <Execution id="e8feaab6-dbbe-4087-8b87-031821580c78" />
      <TestMethod codeBase="C:/Учеба/2 семестр/ТХЯ/UnitTests/TestProject4/bin/Debug/TestProject4.DLL" adapterTypeName="Microsoft.VisualStudio.TestTools.TestTypes.Unit.UnitTestAdapter, Microsoft.VisualStudio.QualityTools.Tips.UnitTest.Adapter, Version=10.0.0.0, Culture=neutral, PublicKeyToken=b03f5f7f11d50a3a" className="TestProject4.CylinderTest, TestProject4, Version=1.0.0.0, Culture=neutral, PublicKeyToken=null" name="GetExceptionTest" />
    </UnitTest>
    <UnitTest name="GetVolumeTest" storage="c:\учеба\2 семестр\тхя\unittests\testproject3\bin\debug\testproject3.dll" id="42974a1f-a5f4-7a37-3711-cfa90ddcf85c">
      <Execution id="6a9cf2ea-93be-4e18-b381-5047f6e8540d" />
      <TestMethod codeBase="C:/Учеба/2 семестр/ТХЯ/UnitTests/TestProject3/bin/Debug/TestProject3.DLL" adapterTypeName="Microsoft.VisualStudio.TestTools.TestTypes.Unit.UnitTestAdapter, Microsoft.VisualStudio.QualityTools.Tips.UnitTest.Adapter, Version=10.0.0.0, Culture=neutral, PublicKeyToken=b03f5f7f11d50a3a" className="TestProject3.CylinderTest, TestProject3, Version=1.0.0.0, Culture=neutral, PublicKeyToken=null" name="GetVolumeTest" />
    </UnitTest>
    <UnitTest name="CylinderConstructorTest1" storage="c:\учеба\2 семестр\тхя\unittests\testproject1\bin\debug\testproject1.dll" id="b80659c6-c9be-0d9d-2d70-1452362d89a5">
      <Execution id="3d736253-b6b1-467a-9848-437327d6380c" />
      <TestMethod codeBase="C:/Учеба/2 семестр/ТХЯ/UnitTests/TestProject1/bin/Debug/TestProject1.DLL" adapterTypeName="Microsoft.VisualStudio.TestTools.TestTypes.Unit.UnitTestAdapter, Microsoft.VisualStudio.QualityTools.Tips.UnitTest.Adapter, Version=10.0.0.0, Culture=neutral, PublicKeyToken=b03f5f7f11d50a3a" className="TestProject1.CylinderTest, TestProject1, Version=1.0.0.0, Culture=neutral, PublicKeyToken=null" name="CylinderConstructorTest1" />
    </UnitTest>
    <UnitTest name="CylinderConstructorTest" storage="c:\учеба\2 семестр\тхя\unittests\testproject2\bin\debug\testproject2.dll" id="f861b2b8-5089-38a7-2877-1c556f41a120">
      <Execution id="e6e17ef1-d974-49b1-bf28-fae5a3aeca2c" />
      <TestMethod codeBase="C:/Учеба/2 семестр/ТХЯ/UnitTests/TestProject2/bin/Debug/TestProject2.DLL" adapterTypeName="Microsoft.VisualStudio.TestTools.TestTypes.Unit.UnitTestAdapter, Microsoft.VisualStudio.QualityTools.Tips.UnitTest.Adapter, Version=10.0.0.0, Culture=neutral, PublicKeyToken=b03f5f7f11d50a3a" className="TestProject2.CylinderTest, TestProject2, Version=1.0.0.0, Culture=neutral, PublicKeyToken=null" name="CylinderConstructorTest" />
    </UnitTest>
    <UnitTest name="RadiusTest" storage="c:\учеба\2 семестр\тхя\unittests\testproject1\bin\debug\testproject1.dll" id="47f57222-81d7-74ea-bee6-4e8c5653e57d">
      <Execution id="0e0269cc-8af2-4cc4-82cb-0619cc3ce12e" />
      <TestMethod codeBase="C:/Учеба/2 семестр/ТХЯ/UnitTests/TestProject1/bin/Debug/TestProject1.DLL" adapterTypeName="Microsoft.VisualStudio.TestTools.TestTypes.Unit.UnitTestAdapter, Microsoft.VisualStudio.QualityTools.Tips.UnitTest.Adapter, Version=10.0.0.0, Culture=neutral, PublicKeyToken=b03f5f7f11d50a3a" className="TestProject1.CylinderTest, TestProject1, Version=1.0.0.0, Culture=neutral, PublicKeyToken=null" name="RadiusTest" />
    </UnitTest>
    <UnitTest name="GetDiametrTest" storage="c:\учеба\2 семестр\тхя\unittests\testproject1\bin\debug\testproject1.dll" id="830d1892-e3e8-4b23-a8e5-832f1f54e2f9">
      <Execution id="68d92ff0-b5c1-4b0f-8fdc-c2545e1668cd" />
      <TestMethod codeBase="C:/Учеба/2 семестр/ТХЯ/UnitTests/TestProject1/bin/Debug/TestProject1.DLL" adapterTypeName="Microsoft.VisualStudio.TestTools.TestTypes.Unit.UnitTestAdapter, Microsoft.VisualStudio.QualityTools.Tips.UnitTest.Adapter, Version=10.0.0.0, Culture=neutral, PublicKeyToken=b03f5f7f11d50a3a" className="TestProject1.CylinderTest, TestProject1, Version=1.0.0.0, Culture=neutral, PublicKeyToken=null" name="GetDiametrTest" />
    </UnitTest>
    <UnitTest name="GetVolumeTest" storage="c:\учеба\2 семестр\тхя\unittests\testproject1\bin\debug\testproject1.dll" id="cf65de78-94f4-fde4-1afc-610506c22c14">
      <Execution id="c1d77b36-26cb-4142-ac27-6e1612998f4f" />
      <TestMethod codeBase="C:/Учеба/2 семестр/ТХЯ/UnitTests/TestProject1/bin/Debug/TestProject1.DLL" adapterTypeName="Microsoft.VisualStudio.TestTools.TestTypes.Unit.UnitTestAdapter, Microsoft.VisualStudio.QualityTools.Tips.UnitTest.Adapter, Version=10.0.0.0, Culture=neutral, PublicKeyToken=b03f5f7f11d50a3a" className="TestProject1.CylinderTest, TestProject1, Version=1.0.0.0, Culture=neutral, PublicKeyToken=null" name="GetVolumeTest" />
    </UnitTest>
    <UnitTest name="GetAreaTest" storage="c:\учеба\2 семестр\тхя\unittests\testproject1\bin\debug\testproject1.dll" id="e86269fc-6bfe-4ee7-551b-b1c0344446ec">
      <Execution id="0280f27d-6732-46c7-9630-8105d33fd123" />
      <TestMethod codeBase="C:/Учеба/2 семестр/ТХЯ/UnitTests/TestProject1/bin/Debug/TestProject1.DLL" adapterTypeName="Microsoft.VisualStudio.TestTools.TestTypes.Unit.UnitTestAdapter, Microsoft.VisualStudio.QualityTools.Tips.UnitTest.Adapter, Version=10.0.0.0, Culture=neutral, PublicKeyToken=b03f5f7f11d50a3a" className="TestProject1.CylinderTest, TestProject1, Version=1.0.0.0, Culture=neutral, PublicKeyToken=null" name="GetAreaTest" />
    </UnitTest>
    <UnitTest name="CylinderConstructorTest" storage="c:\учеба\2 семестр\тхя\unittests\testproject1\bin\debug\testproject1.dll" id="aee924af-f119-7877-ebae-d70f2d2386ca">
      <Execution id="916c4647-60d9-4ec5-b6be-879d2ecfd56d" />
      <TestMethod codeBase="C:/Учеба/2 семестр/ТХЯ/UnitTests/TestProject1/bin/Debug/TestProject1.DLL" adapterTypeName="Microsoft.VisualStudio.TestTools.TestTypes.Unit.UnitTestAdapter, Microsoft.VisualStudio.QualityTools.Tips.UnitTest.Adapter, Version=10.0.0.0, Culture=neutral, PublicKeyToken=b03f5f7f11d50a3a" className="TestProject1.CylinderTest, TestProject1, Version=1.0.0.0, Culture=neutral, PublicKeyToken=null" name="CylinderConstructorTest" />
    </UnitTest>
    <UnitTest name="HeigthTest" storage="c:\учеба\2 семестр\тхя\unittests\testproject1\bin\debug\testproject1.dll" id="8296f8f6-c48e-8749-e508-51c5a1c2102a">
      <Execution id="d7637d3c-1e51-41a3-8d97-191210e43dd2" />
      <TestMethod codeBase="C:/Учеба/2 семестр/ТХЯ/UnitTests/TestProject1/bin/Debug/TestProject1.DLL" adapterTypeName="Microsoft.VisualStudio.TestTools.TestTypes.Unit.UnitTestAdapter, Microsoft.VisualStudio.QualityTools.Tips.UnitTest.Adapter, Version=10.0.0.0, Culture=neutral, PublicKeyToken=b03f5f7f11d50a3a" className="TestProject1.CylinderTest, TestProject1, Version=1.0.0.0, Culture=neutral, PublicKeyToken=null" name="HeigthTest" />
    </UnitTest>
  </TestDefinitions>
  <TestLists>
    <TestList name="Отсутствующие в списке результаты" id="8c84fa94-04c1-424b-9868-57a2d4851a1d" />
    <TestList name="Все загруженные результаты" id="19431567-8539-422a-85d7-44ee4e166bda" />
  </TestLists>
  <TestEntries>
    <TestEntry testId="42974a1f-a5f4-7a37-3711-cfa90ddcf85c" executionId="6a9cf2ea-93be-4e18-b381-5047f6e8540d" testListId="8c84fa94-04c1-424b-9868-57a2d4851a1d" />
    <TestEntry testId="47f57222-81d7-74ea-bee6-4e8c5653e57d" executionId="0e0269cc-8af2-4cc4-82cb-0619cc3ce12e" testListId="8c84fa94-04c1-424b-9868-57a2d4851a1d" />
    <TestEntry testId="8296f8f6-c48e-8749-e508-51c5a1c2102a" executionId="d7637d3c-1e51-41a3-8d97-191210e43dd2" testListId="8c84fa94-04c1-424b-9868-57a2d4851a1d" />
    <TestEntry testId="830d1892-e3e8-4b23-a8e5-832f1f54e2f9" executionId="68d92ff0-b5c1-4b0f-8fdc-c2545e1668cd" testListId="8c84fa94-04c1-424b-9868-57a2d4851a1d" />
    <TestEntry testId="99854b85-200a-1acb-5fc3-8378e710cbd1" executionId="e8feaab6-dbbe-4087-8b87-031821580c78" testListId="8c84fa94-04c1-424b-9868-57a2d4851a1d" />
    <TestEntry testId="aee924af-f119-7877-ebae-d70f2d2386ca" executionId="916c4647-60d9-4ec5-b6be-879d2ecfd56d" testListId="8c84fa94-04c1-424b-9868-57a2d4851a1d" />
    <TestEntry testId="b80659c6-c9be-0d9d-2d70-1452362d89a5" executionId="3d736253-b6b1-467a-9848-437327d6380c" testListId="8c84fa94-04c1-424b-9868-57a2d4851a1d" />
    <TestEntry testId="cf65de78-94f4-fde4-1afc-610506c22c14" executionId="c1d77b36-26cb-4142-ac27-6e1612998f4f" testListId="8c84fa94-04c1-424b-9868-57a2d4851a1d" />
    <TestEntry testId="e86269fc-6bfe-4ee7-551b-b1c0344446ec" executionId="0280f27d-6732-46c7-9630-8105d33fd123" testListId="8c84fa94-04c1-424b-9868-57a2d4851a1d" />
    <TestEntry testId="f861b2b8-5089-38a7-2877-1c556f41a120" executionId="e6e17ef1-d974-49b1-bf28-fae5a3aeca2c" testListId="8c84fa94-04c1-424b-9868-57a2d4851a1d" />
  </TestEntries>
  <Results>
    <UnitTestResult executionId="6a9cf2ea-93be-4e18-b381-5047f6e8540d" testId="42974a1f-a5f4-7a37-3711-cfa90ddcf85c" testName="GetVolumeTest" computerName="WORKGROUP-ПК" duration="00:00:00.1310675" startTime="2013-03-14T21:10:57.4527279+07:00" endTime="2013-03-14T21:11:00.7059139+07:00" testType="13cdc9d9-ddb5-4fa4-a97d-d965ccfc6d4b" outcome="Passed" testListId="8c84fa94-04c1-424b-9868-57a2d4851a1d" relativeResultsDirectory="6a9cf2ea-93be-4e18-b381-5047f6e8540d">
    </UnitTestResult>
    <UnitTestResult executionId="0e0269cc-8af2-4cc4-82cb-0619cc3ce12e" testId="47f57222-81d7-74ea-bee6-4e8c5653e57d" testName="RadiusTest" computerName="WORKGROUP-ПК" duration="00:00:00.2378736" startTime="2013-03-14T21:11:00.7619172+07:00" endTime="2013-03-14T21:11:03.0770496+07:00" testType="13cdc9d9-ddb5-4fa4-a97d-d965ccfc6d4b" outcome="Passed" testListId="8c84fa94-04c1-424b-9868-57a2d4851a1d" relativeResultsDirectory="0e0269cc-8af2-4cc4-82cb-0619cc3ce12e">
    </UnitTestResult>
    <UnitTestResult executionId="d7637d3c-1e51-41a3-8d97-191210e43dd2" testId="8296f8f6-c48e-8749-e508-51c5a1c2102a" testName="HeigthTest" computerName="WORKGROUP-ПК" duration="00:00:00.0011812" startTime="2013-03-14T21:11:03.1560541+07:00" endTime="2013-03-14T21:11:06.4732438+07:00" testType="13cdc9d9-ddb5-4fa4-a97d-d965ccfc6d4b" outcome="Passed" testListId="8c84fa94-04c1-424b-9868-57a2d4851a1d" relativeResultsDirectory="d7637d3c-1e51-41a3-8d97-191210e43dd2">
    </UnitTestResult>
    <UnitTestResult executionId="68d92ff0-b5c1-4b0f-8fdc-c2545e1668cd" testId="830d1892-e3e8-4b23-a8e5-832f1f54e2f9" testName="GetDiametrTest" computerName="WORKGROUP-ПК" duration="00:00:00.0010873" startTime="2013-03-14T21:11:06.5132461+07:00" endTime="2013-03-14T21:11:06.5652491+07:00" testType="13cdc9d9-ddb5-4fa4-a97d-d965ccfc6d4b" outcome="Passed" testListId="8c84fa94-04c1-424b-9868-57a2d4851a1d" relativeResultsDirectory="68d92ff0-b5c1-4b0f-8fdc-c2545e1668cd">
    </UnitTestResult>
    <UnitTestResult executionId="e8feaab6-dbbe-4087-8b87-031821580c78" testId="99854b85-200a-1acb-5fc3-8378e710cbd1" testName="GetExceptionTest" computerName="WORKGROUP-ПК" duration="00:00:00.1565670" startTime="2013-03-14T21:11:06.6042513+07:00" endTime="2013-03-14T21:11:08.6313673+07:00" testType="13cdc9d9-ddb5-4fa4-a97d-d965ccfc6d4b" outcome="Passed" testListId="8c84fa94-04c1-424b-9868-57a2d4851a1d" relativeResultsDirectory="e8feaab6-dbbe-4087-8b87-031821580c78">
    </UnitTestResult>
    <UnitTestResult executionId="916c4647-60d9-4ec5-b6be-879d2ecfd56d" testId="aee924af-f119-7877-ebae-d70f2d2386ca" testName="CylinderConstructorTest" computerName="WORKGROUP-ПК" duration="00:00:00.0006988" startTime="2013-03-14T21:11:08.6753698+07:00" endTime="2013-03-14T21:11:08.7233725+07:00" testType="13cdc9d9-ddb5-4fa4-a97d-d965ccfc6d4b" outcome="Passed" testListId="8c84fa94-04c1-424b-9868-57a2d4851a1d" relativeResultsDirectory="916c4647-60d9-4ec5-b6be-879d2ecfd56d">
    </UnitTestResult>
    <UnitTestResult executionId="3d736253-b6b1-467a-9848-437327d6380c" testId="b80659c6-c9be-0d9d-2d70-1452362d89a5" testName="CylinderConstructorTest1" computerName="WORKGROUP-ПК" duration="00:00:00.0006869" startTime="2013-03-14T21:11:08.7783757+07:00" endTime="2013-03-14T21:11:08.8253784+07:00" testType="13cdc9d9-ddb5-4fa4-a97d-d965ccfc6d4b" outcome="Passed" testListId="8c84fa94-04c1-424b-9868-57a2d4851a1d" relativeResultsDirectory="3d736253-b6b1-467a-9848-437327d6380c">
    </UnitTestResult>
    <UnitTestResult executionId="c1d77b36-26cb-4142-ac27-6e1612998f4f" testId="cf65de78-94f4-fde4-1afc-610506c22c14" testName="GetVolumeTest" computerName="WORKGROUP-ПК" duration="00:00:00.0014142" startTime="2013-03-14T21:11:08.8763813+07:00" endTime="2013-03-14T21:11:08.9283842+07:00" testType="13cdc9d9-ddb5-4fa4-a97d-d965ccfc6d4b" outcome="Passed" testListId="8c84fa94-04c1-424b-9868-57a2d4851a1d" relativeResultsDirectory="c1d77b36-26cb-4142-ac27-6e1612998f4f">
    </UnitTestResult>
    <UnitTestResult executionId="0280f27d-6732-46c7-9630-8105d33fd123" testId="e86269fc-6bfe-4ee7-551b-b1c0344446ec" testName="GetAreaTest" computerName="WORKGROUP-ПК" duration="00:00:00.0012491" startTime="2013-03-14T21:11:08.9723868+07:00" endTime="2013-03-14T21:11:09.0173893+07:00" testType="13cdc9d9-ddb5-4fa4-a97d-d965ccfc6d4b" outcome="Passed" testListId="8c84fa94-04c1-424b-9868-57a2d4851a1d" relativeResultsDirectory="0280f27d-6732-46c7-9630-8105d33fd123">
    </UnitTestResult>
    <UnitTestResult executionId="e6e17ef1-d974-49b1-bf28-fae5a3aeca2c" testId="f861b2b8-5089-38a7-2877-1c556f41a120" testName="CylinderConstructorTest" computerName="WORKGROUP-ПК" duration="00:00:00.1299801" startTime="2013-03-14T21:11:09.0553915+07:00" endTime="2013-03-14T21:11:11.0695067+07:00" testType="13cdc9d9-ddb5-4fa4-a97d-d965ccfc6d4b" outcome="Passed" testListId="8c84fa94-04c1-424b-9868-57a2d4851a1d" relativeResultsDirectory="e6e17ef1-d974-49b1-bf28-fae5a3aeca2c">
    </UnitTestResult>
  </Results>
</TestRun>