<?xml version="1.0" encoding="UTF-8"?>
<TestRun id="044e8379-217b-47a1-8ac0-1ebe14be1134" name="WORKGROUP@WORKGROUP-ПК 2013-03-04 09:33:50" runUser="WORKGROUP-ПК\WORKGROUP" xmlns="http://microsoft.com/schemas/VisualStudio/TeamTest/2010">
  <TestSettings name="Локальные" id="665aae16-0060-4d5a-abae-617da4ed758f">
    <Description>Это - параметры по умолчанию для локального тестового запуска.</Description>
    <Deployment enabled="false" runDeploymentRoot="WORKGROUP_WORKGROUP-ПК 2013-03-04 09_33_50">
      <DeploymentItem filename="C:\Учеба\2 семестр\ТХЯ\UnitTests\UnitTests\bin\Debug\UnitTests.exe" />
    </Deployment>
    <Execution>
      <TestTypeSpecific />
      <AgentRule name="Execution Agents">
      </AgentRule>
    </Execution>
  </TestSettings>
  <Times creation="2013-03-04T09:33:50.3026109+07:00" queuing="2013-03-04T09:33:57.1700037+07:00" start="2013-03-04T09:33:58.0970567+07:00" finish="2013-03-04T09:34:00.8212125+07:00" />
  <ResultSummary outcome="Completed">
    <Counters total="1" executed="1" passed="1" error="0" failed="0" timeout="0" aborted="0" inconclusive="0" passedButRunAborted="0" notRunnable="0" notExecuted="0" disconnected="0" warning="0" completed="0" inProgress="0" pending="0" />
  </ResultSummary>
  <TestDefinitions>
    <UnitTest name="GetDiametrTest" storage="c:\учеба\2 семестр\тхя\unittests\testproject1\bin\debug\testproject1.dll" id="830d1892-e3e8-4b23-a8e5-832f1f54e2f9">
      <Execution id="c4133c48-17bf-46e5-a0c7-03ec5b89d62c" />
      <TestMethod codeBase="C:/Учеба/2 семестр/ТХЯ/UnitTests/TestProject1/bin/Debug/TestProject1.DLL" adapterTypeName="Microsoft.VisualStudio.TestTools.TestTypes.Unit.UnitTestAdapter, Microsoft.VisualStudio.QualityTools.Tips.UnitTest.Adapter, Version=10.0.0.0, Culture=neutral, PublicKeyToken=b03f5f7f11d50a3a" className="TestProject1.CylinderTest, TestProject1, Version=1.0.0.0, Culture=neutral, PublicKeyToken=null" name="GetDiametrTest" />
    </UnitTest>
  </TestDefinitions>
  <TestLists>
    <TestList name="Отсутствующие в списке результаты" id="8c84fa94-04c1-424b-9868-57a2d4851a1d" />
    <TestList name="Все загруженные результаты" id="19431567-8539-422a-85d7-44ee4e166bda" />
  </TestLists>
  <TestEntries>
    <TestEntry testId="830d1892-e3e8-4b23-a8e5-832f1f54e2f9" executionId="c4133c48-17bf-46e5-a0c7-03ec5b89d62c" testListId="8c84fa94-04c1-424b-9868-57a2d4851a1d" />
  </TestEntries>
  <Results>
    <UnitTestResult executionId="c4133c48-17bf-46e5-a0c7-03ec5b89d62c" testId="830d1892-e3e8-4b23-a8e5-832f1f54e2f9" testName="GetDiametrTest" computerName="WORKGROUP-ПК" duration="00:00:00.0979859" startTime="2013-03-04T09:33:58.5900849+07:00" endTime="2013-03-04T09:34:00.2641806+07:00" testType="13cdc9d9-ddb5-4fa4-a97d-d965ccfc6d4b" outcome="Passed" testListId="8c84fa94-04c1-424b-9868-57a2d4851a1d" relativeResultsDirectory="c4133c48-17bf-46e5-a0c7-03ec5b89d62c">
    </UnitTestResult>
  </Results>
</TestRun>