<?xml version="1.0" encoding="UTF-8"?>
<TestRun id="951e7916-302f-439f-9100-2d64bfe4f014" name="WORKGROUP@WORKGROUP-ПК 2013-03-03 23:11:46" runUser="WORKGROUP-ПК\WORKGROUP" xmlns="http://microsoft.com/schemas/VisualStudio/TeamTest/2010">
  <TestSettings name="Локальные" id="665aae16-0060-4d5a-abae-617da4ed758f">
    <Description>Это - параметры по умолчанию для локального тестового запуска.</Description>
    <Deployment enabled="false" runDeploymentRoot="WORKGROUP_WORKGROUP-ПК 2013-03-03 23_11_46">
      <DeploymentItem filename="E:\UnitTests\UnitTests\UnitTests\bin\Debug\UnitTests.exe" />
    </Deployment>
    <Execution>
      <TestTypeSpecific />
      <AgentRule name="Execution Agents">
      </AgentRule>
    </Execution>
  </TestSettings>
  <Times creation="2013-03-03T23:11:46.2194824+07:00" queuing="2013-03-03T23:11:48.6666223+07:00" start="2013-03-03T23:11:48.7176253+07:00" finish="2013-03-03T23:11:50.3047160+07:00" />
  <ResultSummary outcome="Completed">
    <Counters total="1" executed="1" passed="1" error="0" failed="0" timeout="0" aborted="0" inconclusive="0" passedButRunAborted="0" notRunnable="0" notExecuted="0" disconnected="0" warning="0" completed="0" inProgress="0" pending="0" />
  </ResultSummary>
  <TestDefinitions>
    <UnitTest name="GetDiametrTest" storage="e:\unittests\unittests\testproject1\bin\debug\testproject1.dll" id="830d1892-e3e8-4b23-a8e5-832f1f54e2f9">
      <Execution id="c9150365-6966-44f4-8e19-0f5c5052ee40" />
      <TestMethod codeBase="E:/UnitTests/UnitTests/TestProject1/bin/Debug/TestProject1.DLL" adapterTypeName="Microsoft.VisualStudio.TestTools.TestTypes.Unit.UnitTestAdapter, Microsoft.VisualStudio.QualityTools.Tips.UnitTest.Adapter, Version=10.0.0.0, Culture=neutral, PublicKeyToken=b03f5f7f11d50a3a" className="TestProject1.CylinderTest, TestProject1, Version=1.0.0.0, Culture=neutral, PublicKeyToken=null" name="GetDiametrTest" />
    </UnitTest>
  </TestDefinitions>
  <TestLists>
    <TestList name="Отсутствующие в списке результаты" id="8c84fa94-04c1-424b-9868-57a2d4851a1d" />
    <TestList name="Все загруженные результаты" id="19431567-8539-422a-85d7-44ee4e166bda" />
  </TestLists>
  <TestEntries>
    <TestEntry testId="830d1892-e3e8-4b23-a8e5-832f1f54e2f9" executionId="c9150365-6966-44f4-8e19-0f5c5052ee40" testListId="8c84fa94-04c1-424b-9868-57a2d4851a1d" />
  </TestEntries>
  <Results>
    <UnitTestResult executionId="c9150365-6966-44f4-8e19-0f5c5052ee40" testId="830d1892-e3e8-4b23-a8e5-832f1f54e2f9" testName="GetDiametrTest" computerName="WORKGROUP-ПК" duration="00:00:00.0737464" startTime="2013-03-03T23:11:48.9816404+07:00" endTime="2013-03-03T23:11:50.1567076+07:00" testType="13cdc9d9-ddb5-4fa4-a97d-d965ccfc6d4b" outcome="Passed" testListId="8c84fa94-04c1-424b-9868-57a2d4851a1d" relativeResultsDirectory="c9150365-6966-44f4-8e19-0f5c5052ee40">
    </UnitTestResult>
  </Results>
</TestRun>