<?xml version="1.0" encoding="UTF-8"?>
<TestRun id="2a46eed9-e718-4b87-9a6a-6677842a72b2" name="WORKGROUP@WORKGROUP-ПК 2013-03-03 23:16:44" runUser="WORKGROUP-ПК\WORKGROUP" xmlns="http://microsoft.com/schemas/VisualStudio/TeamTest/2010">
  <TestSettings name="Локальные" id="665aae16-0060-4d5a-abae-617da4ed758f">
    <Description>Это - параметры по умолчанию для локального тестового запуска.</Description>
    <Deployment enabled="false" runDeploymentRoot="WORKGROUP_WORKGROUP-ПК 2013-03-03 23_16_44">
      <DeploymentItem filename="E:\UnitTests\UnitTests\UnitTests\bin\Debug\UnitTests.exe" />
    </Deployment>
    <Execution>
      <TestTypeSpecific />
      <AgentRule name="Execution Agents">
      </AgentRule>
    </Execution>
  </TestSettings>
  <Times creation="2013-03-03T23:16:44.9095665+07:00" queuing="2013-03-03T23:16:47.7507290+07:00" start="2013-03-03T23:16:47.8317336+07:00" finish="2013-03-03T23:16:49.3688215+07:00" />
  <ResultSummary outcome="Inconclusive">
    <Counters total="1" executed="1" error="0" failed="0" timeout="0" aborted="0" inconclusive="1" passedButRunAborted="0" notRunnable="0" notExecuted="0" disconnected="0" warning="0" passed="0" completed="0" inProgress="0" pending="0" />
  </ResultSummary>
  <TestDefinitions>
    <UnitTest name="GetAreaTest" storage="e:\unittests\unittests\testproject1\bin\debug\testproject1.dll" id="e86269fc-6bfe-4ee7-551b-b1c0344446ec">
      <Execution id="18cfc648-b140-4c09-9263-1fb28e18af43" />
      <TestMethod codeBase="E:/UnitTests/UnitTests/TestProject1/bin/Debug/TestProject1.DLL" adapterTypeName="Microsoft.VisualStudio.TestTools.TestTypes.Unit.UnitTestAdapter, Microsoft.VisualStudio.QualityTools.Tips.UnitTest.Adapter, Version=10.0.0.0, Culture=neutral, PublicKeyToken=b03f5f7f11d50a3a" className="TestProject1.CylinderTest, TestProject1, Version=1.0.0.0, Culture=neutral, PublicKeyToken=null" name="GetAreaTest" />
    </UnitTest>
  </TestDefinitions>
  <TestLists>
    <TestList name="Отсутствующие в списке результаты" id="8c84fa94-04c1-424b-9868-57a2d4851a1d" />
    <TestList name="Все загруженные результаты" id="19431567-8539-422a-85d7-44ee4e166bda" />
  </TestLists>
  <TestEntries>
    <TestEntry testId="e86269fc-6bfe-4ee7-551b-b1c0344446ec" executionId="18cfc648-b140-4c09-9263-1fb28e18af43" testListId="8c84fa94-04c1-424b-9868-57a2d4851a1d" />
  </TestEntries>
  <Results>
    <UnitTestResult executionId="18cfc648-b140-4c09-9263-1fb28e18af43" testId="e86269fc-6bfe-4ee7-551b-b1c0344446ec" testName="GetAreaTest" computerName="WORKGROUP-ПК" duration="00:00:00.1441504" startTime="2013-03-03T23:16:48.0827480+07:00" endTime="2013-03-03T23:16:49.2438144+07:00" testType="13cdc9d9-ddb5-4fa4-a97d-d965ccfc6d4b" outcome="Inconclusive" testListId="8c84fa94-04c1-424b-9868-57a2d4851a1d" relativeResultsDirectory="18cfc648-b140-4c09-9263-1fb28e18af43">
      <Output>
        <ErrorInfo>
          <Message>Ошибка в Assert.Inconclusive. Проверьте правильность этого метода теста.</Message>
          <StackTrace>   в TestProject1.CylinderTest.GetAreaTest() в E:\UnitTests\UnitTests\TestProject1\CylinderTest.cs:строка 204
</StackTrace>
        </ErrorInfo>
      </Output>
    </UnitTestResult>
  </Results>
</TestRun>