<?xml version="1.0" encoding="UTF-8"?>
<TestRun id="c2b8ef0c-d896-43c5-b535-9fee09c21ce8" name="WORKGROUP@WORKGROUP-ПК 2013-03-04 11:06:07" runUser="WORKGROUP-ПК\WORKGROUP" xmlns="http://microsoft.com/schemas/VisualStudio/TeamTest/2010">
  <TestSettings name="Локальные" id="665aae16-0060-4d5a-abae-617da4ed758f">
    <Description>Это - параметры по умолчанию для локального тестового запуска.</Description>
    <Deployment enabled="false" runDeploymentRoot="WORKGROUP_WORKGROUP-ПК 2013-03-04 11_06_07">
      <DeploymentItem filename="C:\Учеба\2 семестр\ТХЯ\UnitTests\UnitTests\bin\Debug\UnitTests.exe" />
    </Deployment>
    <Execution>
      <TestTypeSpecific />
      <AgentRule name="Execution Agents">
      </AgentRule>
    </Execution>
  </TestSettings>
  <Times creation="2013-03-04T11:06:07.7202143+07:00" queuing="2013-03-04T11:06:09.2473017+07:00" start="2013-03-04T11:06:09.3243061+07:00" finish="2013-03-04T11:06:10.9744005+07:00" />
  <ResultSummary outcome="Failed">
    <Counters total="1" executed="1" error="0" failed="1" timeout="0" aborted="0" inconclusive="0" passedButRunAborted="0" notRunnable="0" notExecuted="0" disconnected="0" warning="0" passed="0" completed="0" inProgress="0" pending="0" />
  </ResultSummary>
  <TestDefinitions>
    <UnitTest name="GetVolumeTest" storage="c:\учеба\2 семестр\тхя\unittests\testproject3\bin\debug\testproject3.dll" id="42974a1f-a5f4-7a37-3711-cfa90ddcf85c">
      <Execution id="3e077ba3-22af-4745-b1f4-f647d2920d46" />
      <TestMethod codeBase="C:/Учеба/2 семестр/ТХЯ/UnitTests/TestProject3/bin/Debug/TestProject3.DLL" adapterTypeName="Microsoft.VisualStudio.TestTools.TestTypes.Unit.UnitTestAdapter, Microsoft.VisualStudio.QualityTools.Tips.UnitTest.Adapter, Version=10.0.0.0, Culture=neutral, PublicKeyToken=b03f5f7f11d50a3a" className="TestProject3.CylinderTest, TestProject3, Version=1.0.0.0, Culture=neutral, PublicKeyToken=null" name="GetVolumeTest" />
    </UnitTest>
  </TestDefinitions>
  <TestLists>
    <TestList name="Отсутствующие в списке результаты" id="8c84fa94-04c1-424b-9868-57a2d4851a1d" />
    <TestList name="Все загруженные результаты" id="19431567-8539-422a-85d7-44ee4e166bda" />
  </TestLists>
  <TestEntries>
    <TestEntry testId="42974a1f-a5f4-7a37-3711-cfa90ddcf85c" executionId="3e077ba3-22af-4745-b1f4-f647d2920d46" testListId="8c84fa94-04c1-424b-9868-57a2d4851a1d" />
  </TestEntries>
  <Results>
    <UnitTestResult executionId="3e077ba3-22af-4745-b1f4-f647d2920d46" testId="42974a1f-a5f4-7a37-3711-cfa90ddcf85c" testName="GetVolumeTest" computerName="WORKGROUP-ПК" duration="00:00:00.1895939" startTime="2013-03-04T11:06:09.3323066+07:00" endTime="2013-03-04T11:06:10.8123912+07:00" testType="13cdc9d9-ddb5-4fa4-a97d-d965ccfc6d4b" outcome="Failed" testListId="8c84fa94-04c1-424b-9868-57a2d4851a1d" relativeResultsDirectory="3e077ba3-22af-4745-b1f4-f647d2920d46">
      <Output>
        <ErrorInfo>
          <Message>Ошибка в Assert.IsTrue. </Message>
          <StackTrace>   в TestProject3.CylinderTest.GetVolumeTest() в C:\Учеба\2 семестр\ТХЯ\UnitTests\TestProject3\CylinderTest.cs:строка 79
</StackTrace>
        </ErrorInfo>
      </Output>
    </UnitTestResult>
  </Results>
</TestRun>