<?xml version="1.0" encoding="UTF-8"?>
<TestRun id="713e7a92-c557-42d0-b7bd-a7da6975b805" name="WORKGROUP@WORKGROUP-ПК 2013-03-14 22:50:57" runUser="WORKGROUP-ПК\WORKGROUP" xmlns="http://microsoft.com/schemas/VisualStudio/TeamTest/2010">
  <TestSettings name="Параметры тестирования по умолчанию" id="464a71e7-7426-40f4-818d-c6ef7f052f27">
    <Execution>
      <TestTypeSpecific />
      <AgentRule name="Execution Agents">
      </AgentRule>
    </Execution>
    <Deployment runDeploymentRoot="WORKGROUP_WORKGROUP-ПК 2013-03-14 22_50_57" />
  </TestSettings>
  <Times creation="2013-03-14T22:50:57.1638917+07:00" queuing="2013-03-14T22:51:00.4470795+07:00" start="2013-03-14T22:51:00.7610975+07:00" finish="2013-03-14T22:51:03.9582803+07:00" />
  <ResultSummary outcome="Completed">
    <Counters total="7" executed="7" passed="7" error="0" failed="0" timeout="0" aborted="0" inconclusive="0" passedButRunAborted="0" notRunnable="0" notExecuted="0" disconnected="0" warning="0" completed="0" inProgress="0" pending="0" />
  </ResultSummary>
  <TestDefinitions>
    <UnitTest name="GetAreaTest" storage="testproject1\bin\debug\testproject1.dll" id="e86269fc-6bfe-4ee7-551b-b1c0344446ec">
      <Execution id="31964376-5d5a-412c-9ab0-3783d0c0943c" />
      <TestMethod codeBase="c:/Учеба/2 семестр/ТХЯ/UnitTests/TestProject1/bin/Debug/TestProject1.DLL" adapterTypeName="Microsoft.VisualStudio.TestTools.TestTypes.Unit.UnitTestAdapter, Microsoft.VisualStudio.QualityTools.Tips.UnitTest.Adapter, Version=10.0.0.0, Culture=neutral, PublicKeyToken=b03f5f7f11d50a3a" className="TestProject1.CylinderTest, TestProject1, Version=1.0.0.0, Culture=neutral, PublicKeyToken=null" name="GetAreaTest" />
    </UnitTest>
    <UnitTest name="HeigthTest" storage="testproject1\bin\debug\testproject1.dll" id="8296f8f6-c48e-8749-e508-51c5a1c2102a">
      <Execution id="64e5decf-61c0-4f38-a933-188733a95a6b" />
      <TestMethod codeBase="c:/Учеба/2 семестр/ТХЯ/UnitTests/TestProject1/bin/Debug/TestProject1.DLL" adapterTypeName="Microsoft.VisualStudio.TestTools.TestTypes.Unit.UnitTestAdapter, Microsoft.VisualStudio.QualityTools.Tips.UnitTest.Adapter, Version=10.0.0.0, Culture=neutral, PublicKeyToken=b03f5f7f11d50a3a" className="TestProject1.CylinderTest, TestProject1, Version=1.0.0.0, Culture=neutral, PublicKeyToken=null" name="HeigthTest" />
    </UnitTest>
    <UnitTest name="CylinderConstructorTest1" storage="testproject1\bin\debug\testproject1.dll" id="b80659c6-c9be-0d9d-2d70-1452362d89a5">
      <Execution id="cb45ba6a-7918-42d5-a62b-c3e18c8facdc" />
      <TestMethod codeBase="c:/Учеба/2 семестр/ТХЯ/UnitTests/TestProject1/bin/Debug/TestProject1.DLL" adapterTypeName="Microsoft.VisualStudio.TestTools.TestTypes.Unit.UnitTestAdapter, Microsoft.VisualStudio.QualityTools.Tips.UnitTest.Adapter, Version=10.0.0.0, Culture=neutral, PublicKeyToken=b03f5f7f11d50a3a" className="TestProject1.CylinderTest, TestProject1, Version=1.0.0.0, Culture=neutral, PublicKeyToken=null" name="CylinderConstructorTest1" />
    </UnitTest>
    <UnitTest name="RadiusTest" storage="testproject1\bin\debug\testproject1.dll" id="47f57222-81d7-74ea-bee6-4e8c5653e57d">
      <Execution id="5450ee3a-a247-4018-bc47-8cd4fc33d048" />
      <TestMethod codeBase="c:/Учеба/2 семестр/ТХЯ/UnitTests/TestProject1/bin/Debug/TestProject1.DLL" adapterTypeName="Microsoft.VisualStudio.TestTools.TestTypes.Unit.UnitTestAdapter, Microsoft.VisualStudio.QualityTools.Tips.UnitTest.Adapter, Version=10.0.0.0, Culture=neutral, PublicKeyToken=b03f5f7f11d50a3a" className="TestProject1.CylinderTest, TestProject1, Version=1.0.0.0, Culture=neutral, PublicKeyToken=null" name="RadiusTest" />
    </UnitTest>
    <UnitTest name="GetDiametrTest" storage="testproject1\bin\debug\testproject1.dll" id="830d1892-e3e8-4b23-a8e5-832f1f54e2f9">
      <Execution id="06100c35-18a8-475f-8c45-707fbace35ff" />
      <TestMethod codeBase="c:/Учеба/2 семестр/ТХЯ/UnitTests/TestProject1/bin/Debug/TestProject1.DLL" adapterTypeName="Microsoft.VisualStudio.TestTools.TestTypes.Unit.UnitTestAdapter, Microsoft.VisualStudio.QualityTools.Tips.UnitTest.Adapter, Version=10.0.0.0, Culture=neutral, PublicKeyToken=b03f5f7f11d50a3a" className="TestProject1.CylinderTest, TestProject1, Version=1.0.0.0, Culture=neutral, PublicKeyToken=null" name="GetDiametrTest" />
    </UnitTest>
    <UnitTest name="CylinderConstructorTest" storage="testproject1\bin\debug\testproject1.dll" id="aee924af-f119-7877-ebae-d70f2d2386ca">
      <Execution id="a51a8ee6-7392-4a34-bf29-629e0e01bd56" />
      <TestMethod codeBase="c:/Учеба/2 семестр/ТХЯ/UnitTests/TestProject1/bin/Debug/TestProject1.DLL" adapterTypeName="Microsoft.VisualStudio.TestTools.TestTypes.Unit.UnitTestAdapter, Microsoft.VisualStudio.QualityTools.Tips.UnitTest.Adapter, Version=10.0.0.0, Culture=neutral, PublicKeyToken=b03f5f7f11d50a3a" className="TestProject1.CylinderTest, TestProject1, Version=1.0.0.0, Culture=neutral, PublicKeyToken=null" name="CylinderConstructorTest" />
    </UnitTest>
    <UnitTest name="GetVolumeTest" storage="testproject1\bin\debug\testproject1.dll" id="cf65de78-94f4-fde4-1afc-610506c22c14">
      <Execution id="3963af23-75ce-4a8e-8588-e9959e805456" />
      <TestMethod codeBase="c:/Учеба/2 семестр/ТХЯ/UnitTests/TestProject1/bin/Debug/TestProject1.DLL" adapterTypeName="Microsoft.VisualStudio.TestTools.TestTypes.Unit.UnitTestAdapter, Microsoft.VisualStudio.QualityTools.Tips.UnitTest.Adapter, Version=10.0.0.0, Culture=neutral, PublicKeyToken=b03f5f7f11d50a3a" className="TestProject1.CylinderTest, TestProject1, Version=1.0.0.0, Culture=neutral, PublicKeyToken=null" name="GetVolumeTest" />
    </UnitTest>
  </TestDefinitions>
  <TestLists>
    <TestList name="Отсутствующие в списке результаты" id="8c84fa94-04c1-424b-9868-57a2d4851a1d" />
    <TestList name="Все загруженные результаты" id="19431567-8539-422a-85d7-44ee4e166bda" />
  </TestLists>
  <TestEntries>
    <TestEntry testId="aee924af-f119-7877-ebae-d70f2d2386ca" executionId="a51a8ee6-7392-4a34-bf29-629e0e01bd56" testListId="8c84fa94-04c1-424b-9868-57a2d4851a1d" />
    <TestEntry testId="b80659c6-c9be-0d9d-2d70-1452362d89a5" executionId="cb45ba6a-7918-42d5-a62b-c3e18c8facdc" testListId="8c84fa94-04c1-424b-9868-57a2d4851a1d" />
    <TestEntry testId="e86269fc-6bfe-4ee7-551b-b1c0344446ec" executionId="31964376-5d5a-412c-9ab0-3783d0c0943c" testListId="8c84fa94-04c1-424b-9868-57a2d4851a1d" />
    <TestEntry testId="830d1892-e3e8-4b23-a8e5-832f1f54e2f9" executionId="06100c35-18a8-475f-8c45-707fbace35ff" testListId="8c84fa94-04c1-424b-9868-57a2d4851a1d" />
    <TestEntry testId="cf65de78-94f4-fde4-1afc-610506c22c14" executionId="3963af23-75ce-4a8e-8588-e9959e805456" testListId="8c84fa94-04c1-424b-9868-57a2d4851a1d" />
    <TestEntry testId="8296f8f6-c48e-8749-e508-51c5a1c2102a" executionId="64e5decf-61c0-4f38-a933-188733a95a6b" testListId="8c84fa94-04c1-424b-9868-57a2d4851a1d" />
    <TestEntry testId="47f57222-81d7-74ea-bee6-4e8c5653e57d" executionId="5450ee3a-a247-4018-bc47-8cd4fc33d048" testListId="8c84fa94-04c1-424b-9868-57a2d4851a1d" />
  </TestEntries>
  <Results>
    <UnitTestResult executionId="a51a8ee6-7392-4a34-bf29-629e0e01bd56" testId="aee924af-f119-7877-ebae-d70f2d2386ca" testName="CylinderConstructorTest" computerName="WORKGROUP-ПК" duration="00:00:00.9204368" startTime="2013-03-14T22:51:00.8821044+07:00" endTime="2013-03-14T22:51:03.5732583+07:00" testType="13cdc9d9-ddb5-4fa4-a97d-d965ccfc6d4b" outcome="Passed" testListId="8c84fa94-04c1-424b-9868-57a2d4851a1d" relativeResultsDirectory="a51a8ee6-7392-4a34-bf29-629e0e01bd56">
    </UnitTestResult>
    <UnitTestResult executionId="cb45ba6a-7918-42d5-a62b-c3e18c8facdc" testId="b80659c6-c9be-0d9d-2d70-1452362d89a5" testName="CylinderConstructorTest1" computerName="WORKGROUP-ПК" duration="00:00:00.0006332" startTime="2013-03-14T22:51:03.6382620+07:00" endTime="2013-03-14T22:51:03.6662636+07:00" testType="13cdc9d9-ddb5-4fa4-a97d-d965ccfc6d4b" outcome="Passed" testListId="8c84fa94-04c1-424b-9868-57a2d4851a1d" relativeResultsDirectory="cb45ba6a-7918-42d5-a62b-c3e18c8facdc">
    </UnitTestResult>
    <UnitTestResult executionId="31964376-5d5a-412c-9ab0-3783d0c0943c" testId="e86269fc-6bfe-4ee7-551b-b1c0344446ec" testName="GetAreaTest" computerName="WORKGROUP-ПК" duration="00:00:00.0111701" startTime="2013-03-14T22:51:03.6842647+07:00" endTime="2013-03-14T22:51:03.7182666+07:00" testType="13cdc9d9-ddb5-4fa4-a97d-d965ccfc6d4b" outcome="Passed" testListId="8c84fa94-04c1-424b-9868-57a2d4851a1d" relativeResultsDirectory="31964376-5d5a-412c-9ab0-3783d0c0943c">
    </UnitTestResult>
    <UnitTestResult executionId="06100c35-18a8-475f-8c45-707fbace35ff" testId="830d1892-e3e8-4b23-a8e5-832f1f54e2f9" testName="GetDiametrTest" computerName="WORKGROUP-ПК" duration="00:00:00.0034522" startTime="2013-03-14T22:51:03.7322674+07:00" endTime="2013-03-14T22:51:03.7562688+07:00" testType="13cdc9d9-ddb5-4fa4-a97d-d965ccfc6d4b" outcome="Passed" testListId="8c84fa94-04c1-424b-9868-57a2d4851a1d" relativeResultsDirectory="06100c35-18a8-475f-8c45-707fbace35ff">
    </UnitTestResult>
    <UnitTestResult executionId="3963af23-75ce-4a8e-8588-e9959e805456" testId="cf65de78-94f4-fde4-1afc-610506c22c14" testName="GetVolumeTest" computerName="WORKGROUP-ПК" duration="00:00:00.0010596" startTime="2013-03-14T22:51:03.7692695+07:00" endTime="2013-03-14T22:51:03.7892707+07:00" testType="13cdc9d9-ddb5-4fa4-a97d-d965ccfc6d4b" outcome="Passed" testListId="8c84fa94-04c1-424b-9868-57a2d4851a1d" relativeResultsDirectory="3963af23-75ce-4a8e-8588-e9959e805456">
    </UnitTestResult>
    <UnitTestResult executionId="64e5decf-61c0-4f38-a933-188733a95a6b" testId="8296f8f6-c48e-8749-e508-51c5a1c2102a" testName="HeigthTest" computerName="WORKGROUP-ПК" duration="00:00:00.0009522" startTime="2013-03-14T22:51:03.8012714+07:00" endTime="2013-03-14T22:51:03.8242727+07:00" testType="13cdc9d9-ddb5-4fa4-a97d-d965ccfc6d4b" outcome="Passed" testListId="8c84fa94-04c1-424b-9868-57a2d4851a1d" relativeResultsDirectory="64e5decf-61c0-4f38-a933-188733a95a6b">
    </UnitTestResult>
    <UnitTestResult executionId="5450ee3a-a247-4018-bc47-8cd4fc33d048" testId="47f57222-81d7-74ea-bee6-4e8c5653e57d" testName="RadiusTest" computerName="WORKGROUP-ПК" duration="00:00:00.0010225" startTime="2013-03-14T22:51:03.8412737+07:00" endTime="2013-03-14T22:51:03.8612748+07:00" testType="13cdc9d9-ddb5-4fa4-a97d-d965ccfc6d4b" outcome="Passed" testListId="8c84fa94-04c1-424b-9868-57a2d4851a1d" relativeResultsDirectory="5450ee3a-a247-4018-bc47-8cd4fc33d048">
    </UnitTestResult>
  </Results>
</TestRun>